# JRE version: Java(TM) SE Runtime Environment (11.0.4+10) (build 11.0.4+10-LTS)
# Java VM: Java HotSpot(TM) 64-Bit Server VM (11.0.4+10-LTS, mixed mode, tiered, compressed oops, g1 gc, linux-amd64)
Heap:
 garbage-first heap   total 307200K, used 196534K [0x0000000706600000, 0x0000000800000000)
  region size 1024K, 184 young (188416K), 18 survivors (18432K)
 Metaspace       used 59256K, capacity 60429K, committed 60800K, reserved 1101824K
  class space    used 7152K, capacity 7612K, committed 7680K, reserved 1048576K
GC Heap History (10 events):
Event: 50,588 GC heap after
{Heap after GC invocations=8 (full 0):
 garbage-first heap   total 256000K, used 19090K [0x0000000706600000, 0x0000000800000000)
  region size 1024K, 13 young (13312K), 13 survivors (13312K)
 Metaspace       used 46028K, capacity 47049K, committed 47488K, reserved 1091584K
  class space    used 5486K, capacity 5922K, committed 6016K, reserved 1048576K
}
Event: 55,198 GC heap before
{Heap before GC invocations=8 (full 0):
 garbage-first heap   total 256000K, used 159378K [0x0000000706600000, 0x0000000800000000)
  region size 1024K, 150 young (153600K), 13 survivors (13312K)
 Metaspace       used 46185K, capacity 47242K, committed 47488K, reserved 1091584K
  class space    used 5487K, capacity 5922K, committed 6016K, reserved 1048576K
}
Event: 55,302 GC heap after
{Heap after GC invocations=9 (full 0):
 garbage-first heap   total 256000K, used 19539K [0x0000000706600000, 0x0000000800000000)
  region size 1024K, 11 young (11264K), 11 survivors (11264K)
 Metaspace       used 46185K, capacity 47242K, committed 47488K, reserved 1091584K
  class space    used 5487K, capacity 5922K, committed 6016K, reserved 1048576K
}
Event: 68,370 GC heap before
{Heap before GC invocations=9 (full 0):
 garbage-first heap   total 256000K, used 161875K [0x0000000706600000, 0x0000000800000000)
  region size 1024K, 150 young (153600K), 11 survivors (11264K)
 Metaspace       used 58293K, capacity 59472K, committed 59776K, reserved 1101824K
  class space    used 7046K, capacity 7509K, committed 7552K, reserved 1048576K
}
Event: 68,517 GC heap after
{Heap after GC invocations=10 (full 0):
 garbage-first heap   total 307200K, used 22682K [0x0000000706600000, 0x0000000800000000)
  region size 1024K, 10 young (10240K), 10 survivors (10240K)
 Metaspace       used 58293K, capacity 59472K, committed 59776K, reserved 1101824K
  class space    used 7046K, capacity 7509K, committed 7552K, reserved 1048576K
}
Event: 70,961 GC heap before
{Heap before GC invocations=10 (full 0):
 garbage-first heap   total 307200K, used 82074K [0x0000000706600000, 0x0000000800000000)
  region size 1024K, 69 young (70656K), 10 survivors (10240K)
 Metaspace       used 58770K, capacity 59913K, committed 60160K, reserved 1101824K
  class space    used 7086K, capacity 7548K, committed 7552K, reserved 1048576K
}
Event: 71,043 GC heap after
{Heap after GC invocations=11 (full 0):
 garbage-first heap   total 307200K, used 24000K [0x0000000706600000, 0x0000000800000000)
  region size 1024K, 12 young (12288K), 12 survivors (12288K)
 Metaspace       used 58770K, capacity 59913K, committed 60160K, reserved 1101824K
  class space    used 7086K, capacity 7548K, committed 7552K, reserved 1048576K
}
Event: 74,620 GC heap before
{Heap before GC invocations=12 (full 0):
 garbage-first heap   total 307200K, used 196032K [0x0000000706600000, 0x0000000800000000)
  region size 1024K, 180 young (184320K), 12 survivors (12288K)
 Metaspace       used 59134K, capacity 60332K, committed 60800K, reserved 1101824K
  class space    used 7129K, capacity 7580K, committed 7680K, reserved 1048576K
}
Event: 74,730 GC heap after
{Heap after GC invocations=13 (full 0):
 garbage-first heap   total 307200K, used 26550K [0x0000000706600000, 0x0000000800000000)
  region size 1024K, 14 young (14336K), 14 survivors (14336K)
 Metaspace       used 59134K, capacity 60332K, committed 60800K, reserved 1101824K
  class space    used 7129K, capacity 7580K, committed 7680K, reserved 1048576K
}
Event: 78,318 GC heap before
{Heap before GC invocations=13 (full 0):
 garbage-first heap   total 307200K, used 196534K [0x0000000706600000, 0x0000000800000000)
  region size 1024K, 180 young (184320K), 14 survivors (14336K)
 Metaspace       used 59256K, capacity 60429K, committed 60800K, reserved 1101824K
  class space    used 7152K, capacity 7612K, committed 7680K, reserved 1048576K
}

